Arguments: 
  /usr/local/bin/node /usr/share/yarn/bin/yarn.js add -D @babel/cli @babel/core @babel/plugin-proposal-pipeline-opertator

PATH: 
  /usr/local/sbin:/usr/local/bin:/usr/sbin:/usr/bin:/sbin:/bin:/usr/games:/usr/local/games:/mnt/c/Program Files/WindowsApps/CanonicalGroupLimited.Ubuntu20.04onWindows_2004.2020.812.0_x64__79rhkp1fndgsc:/mnt/c/Python38/Scripts/:/mnt/c/Python38/:/mnt/c/Windows/system32:/mnt/c/Windows:/mnt/c/Windows/System32/Wbem:/mnt/c/Windows/System32/WindowsPowerShell/v1.0/:/mnt/c/Program Files (x86)/Windows Live/Shared:/mnt/c/Windows/System32/OpenSSH/:/mnt/c/Program Files (x86)/Microsoft SQL Server/90/Tools/binn/:/mnt/c/Neovim/bin:/mnt/c/ProgramData/chocolatey/bin:/mnt/c/Program Files/Git/cmd:/mnt/c/Program Files/nodejs/:/mnt/c/Users/din/AppData/Local/Microsoft/WindowsApps:/mnt/c/tools/neovim/Neovim/bin:/mnt/c/tools/Cmder:/mnt/c/Users/din/AppData/Local/Programs/Microsoft VS Code/bin:/mnt/c/Users/din/AppData/Roaming/npm:/mnt/c/tools/dart-sdk/bin:/mnt/c/Users/din/AppData/Roaming/Pub/Cache/bin:/mnt/c/Exercism:/snap/bin

Yarn version: 
  1.22.5

Node version: 
  14.13.1

Platform: 
  linux x64

Trace: 
  Error: https://registry.yarnpkg.com/@babel%2fplugin-proposal-pipeline-opertator: Not found
      at Request.params.callback [as _callback] (/usr/share/yarn/lib/cli.js:66988:18)
      at Request.self.callback (/usr/share/yarn/lib/cli.js:140749:22)
      at Request.emit (events.js:314:20)
      at Request.<anonymous> (/usr/share/yarn/lib/cli.js:141721:10)
      at Request.emit (events.js:314:20)
      at IncomingMessage.<anonymous> (/usr/share/yarn/lib/cli.js:141643:12)
      at Object.onceWrapper (events.js:420:28)
      at IncomingMessage.emit (events.js:326:22)
      at endReadableNT (_stream_readable.js:1252:12)
      at processTicksAndRejections (internal/process/task_queues.js:80:21)

npm manifest: 
  {
    "name": "demo_babel",
    "version": "1.0.0",
    "main": "index.js",
    "license": "MIT"
  }

yarn manifest: 
  No manifest

Lockfile: 
  No lockfile
